<?xml version="1.0" encoding="UTF-8"?>
<!-- Generated by org.testng.reporters.JUnitXMLReporter -->
<testsuite ignored="4" hostname="DESKTOP-946UO6R" failures="0" tests="4" name="Java Concepts Test" time="0.079" errors="0" timestamp="2022-02-26T10:25:51 AEST">
  <testcase classname="com.zert.java.testng.tutorial.MathsOperationTest" name="add_double_test" time="0.017"/>
  <testcase classname="com.zert.java.testng.tutorial.MathsOperationTest" name="add_integer_test" time="0.002"/>
  <testcase classname="com.zert.java.testng.tutorial.SquareCubeFinderTest" name="findCube_test" time="0.002"/>
  <testcase classname="com.zert.java.testng.tutorial.SquareCubeFinderTest" name="findSquare_test" time="0.002"/>
  <testcase classname="com.zert.java.testng.base.BaseTest" name="@BeforeSuite beforeSuiteExecutes" time="0.0">
    <ignored/>
  </testcase> <!-- @BeforeSuite beforeSuiteExecutes -->
  <testcase classname="com.zert.java.testng.base.BaseTest" name="@BeforeTest beforeEachTest" time="0.0">
    <ignored/>
  </testcase> <!-- @BeforeTest beforeEachTest -->
  <testcase classname="com.zert.java.testng.base.BaseTest" name="@AfterSuite afterSuiteExecutes" time="0.0">
    <ignored/>
  </testcase> <!-- @AfterSuite afterSuiteExecutes -->
  <testcase classname="com.zert.java.testng.base.BaseTest" name="@AfterTest afterEachTest" time="0.0">
    <ignored/>
  </testcase> <!-- @AfterTest afterEachTest -->
</testsuite> <!-- Java Concepts Test -->
