<?xml version="1.0" encoding="UTF-8"?>
<!-- Generated by org.testng.reporters.JUnitXMLReporter -->
<testsuite ignored="4" hostname="DESKTOP-946UO6R" failures="0" tests="4" name="Logical Thinking Test" time="0.015" errors="0" timestamp="2022-02-26T10:25:51 AEST">
  <testcase classname="com.zert.java.testng.logical.FactorialFinderTest" name="findFactorialUsingRecurssion_test" time="0.002"/>
  <testcase classname="com.zert.java.testng.logical.FactorialFinderTest" name="findFactorial_test" time="0.002"/>
  <testcase classname="com.zert.java.testng.logical.EvenNumberFinderTest" name="isEvenNumber_test_negative" time="0.002"/>
  <testcase classname="com.zert.java.testng.logical.EvenNumberFinderTest" name="isEvenNumber_test_positive" time="0.001"/>
  <testcase classname="com.zert.java.testng.base.BaseTest" name="@BeforeSuite beforeSuiteExecutes" time="0.0">
    <ignored/>
  </testcase> <!-- @BeforeSuite beforeSuiteExecutes -->
  <testcase classname="com.zert.java.testng.base.BaseTest" name="@AfterTest afterEachTest" time="0.0">
    <ignored/>
  </testcase> <!-- @AfterTest afterEachTest -->
  <testcase classname="com.zert.java.testng.base.BaseTest" name="@BeforeTest beforeEachTest" time="0.0">
    <ignored/>
  </testcase> <!-- @BeforeTest beforeEachTest -->
  <testcase classname="com.zert.java.testng.base.BaseTest" name="@AfterSuite afterSuiteExecutes" time="0.0">
    <ignored/>
  </testcase> <!-- @AfterSuite afterSuiteExecutes -->
</testsuite> <!-- Logical Thinking Test -->
