<?xml version="1.0" encoding="UTF-8"?>
<!-- Generated by org.testng.reporters.JUnitXMLReporter -->
<testsuite ignored="0" hostname="DESKTOP-946UO6R" failures="0" tests="3" name="Selenium Test" time="27.999" errors="0" timestamp="2022-02-26T10:26:19 AEST">
  <testcase classname="com.zert.java.testng.selenium.BlogSpotNameTest" name="testIfFirstNameIsEnabled" time="0.05"/>
  <testcase classname="com.zert.java.testng.selenium.BlogSpotNameTest" name="testIfLastNameIsDisabled" time="0.038"/>
  <testcase classname="com.zert.java.testng.selenium.BlogSpotDietTest" name="testDietOptions" time="0.053"/>
</testsuite> <!-- Selenium Test -->
